<?xml version="1.0" encoding="UTF-8"?>
<testng-results ignored="0" total="2" passed="2" failed="0" skipped="0">
  <reporter-output>
  </reporter-output>
  <suite started-at="2025-12-02T14:48:30 IST" name="Surefire suite" finished-at="2025-12-02T14:49:10 IST" duration-ms="39774">
    <groups>
    </groups>
    <test started-at="2025-12-02T14:48:30 IST" name="Surefire test" finished-at="2025-12-02T14:49:10 IST" duration-ms="39774">
      <class name="TestMethods.ExtractUrlTest">
        <test-method is-config="true" signature="launch()[pri:0, instance:TestMethods.ExtractUrlTest@1cbbffcd]" started-at="2025-12-02T14:48:30 IST" name="launch" finished-at="2025-12-02T14:48:42 IST" duration-ms="12041" status="PASS">
          <reporter-output>
          </reporter-output>
        </test-method> <!-- launch -->
        <test-method signature="test002()[pri:0, instance:TestMethods.ExtractUrlTest@1cbbffcd]" started-at="2025-12-02T14:48:42 IST" name="test002" finished-at="2025-12-02T14:48:43 IST" duration-ms="1353" status="PASS">
          <reporter-output>
          </reporter-output>
        </test-method> <!-- test002 -->
      </class> <!-- TestMethods.ExtractUrlTest -->
      <class name="TestMethods.TitileUrlTest">
        <test-method is-config="true" signature="launch()[pri:0, instance:TestMethods.TitileUrlTest@3427b02d]" started-at="2025-12-02T14:48:43 IST" name="launch" finished-at="2025-12-02T14:49:02 IST" duration-ms="18443" status="PASS">
          <reporter-output>
          </reporter-output>
        </test-method> <!-- launch -->
        <test-method signature="test001()[pri:0, instance:TestMethods.TitileUrlTest@3427b02d]" started-at="2025-12-02T14:49:02 IST" name="test001" finished-at="2025-12-02T14:49:10 IST" duration-ms="7906" status="PASS">
          <reporter-output>
          </reporter-output>
        </test-method> <!-- test001 -->
      </class> <!-- TestMethods.TitileUrlTest -->
    </test> <!-- Surefire test -->
  </suite> <!-- Surefire suite -->
</testng-results>
