<?xml version="1.0" encoding="UTF-8"?>
<testsuite xmlns:xsi="http://www.w3.org/2001/XMLSchema-instance" xsi:noNamespaceSchemaLocation="https://maven.apache.org/surefire/maven-surefire-plugin/xsd/surefire-test-report-3.0.xsd" version="3.0" name="TestSuite" time="40.339" tests="2" errors="0" skipped="0" failures="0">
  <properties>
[...]
</properties>
  <testcase name="test002" classname="TestMethods.ExtractUrlTest" time="1.354">
    <system-out><![CDATA[-----------Browser Launched-------------------
[[[EdgeDriver: MicrosoftEdge on windows (d1cde4e501f966bf2ffed87e04fb737b)] -> tag name: a], [[EdgeDriver: MicrosoftEdge on windows (d1cde4e501f966bf2ffed87e04fb737b)] -> tag name: a], [[EdgeDriver: MicrosoftEdge on windows (d1cde4e501f966bf2ffed87e04fb737b)] -> tag name: a], [[EdgeDriver: MicrosoftEdge on windows (d1cde4e501f966bf2ffed87e04fb737b)] -> tag name: a], [[EdgeDriver: MicrosoftEdge on windows (d1cde4e501f966bf2ffed87e04fb737b)] -> tag name: a], [[EdgeDriver: MicrosoftEdge on windows (d1cde4e501f966bf2ffed87e04fb737b)] -> tag name: a], [[EdgeDriver: MicrosoftEdge on windows (d1cde4e501f966bf2ffed87e04fb737b)] -> tag name: a], [[EdgeDriver: MicrosoftEdge on windows (d1cde4e501f966bf2ffed87e04fb737b)] -> tag name: a], [[EdgeDriver: MicrosoftEdge on windows (d1cde4e501f966bf2ffed87e04fb737b)] -> tag name: a], [[EdgeDriver: MicrosoftEdge on windows (d1cde4e501f966bf2ffed87e04fb737b)] -> tag name: a], [[EdgeDriver: MicrosoftEdge on windows (d1cde4e501f966bf2ffed87e04fb737b)] -> tag name: a], [[EdgeDriver: MicrosoftEdge on windows (d1cde4e501f966bf2ffed87e04fb737b)] -> tag name: a], [[EdgeDriver: MicrosoftEdge on windows (d1cde4e501f966bf2ffed87e04fb737b)] -> tag name: a], [[EdgeDriver: MicrosoftEdge on windows (d1cde4e501f966bf2ffed87e04fb737b)] -> tag name: a], [[EdgeDriver: MicrosoftEdge on windows (d1cde4e501f966bf2ffed87e04fb737b)] -> tag name: a], [[EdgeDriver: MicrosoftEdge on windows (d1cde4e501f966bf2ffed87e04fb737b)] -> tag name: a], [[EdgeDriver: MicrosoftEdge on windows (d1cde4e501f966bf2ffed87e04fb737b)] -> tag name: a], [[EdgeDriver: MicrosoftEdge on windows (d1cde4e501f966bf2ffed87e04fb737b)] -> tag name: a], [[EdgeDriver: MicrosoftEdge on windows (d1cde4e501f966bf2ffed87e04fb737b)] -> tag name: a], [[EdgeDriver: MicrosoftEdge on windows (d1cde4e501f966bf2ffed87e04fb737b)] -> tag name: a]]
Sauce Labs Backpack
Sauce Labs Bike Light
Sauce Labs Bolt T-Shirt
Sauce Labs Fleece Jacket
Sauce Labs Onesie
Test.allTheThings() T-Shirt (Red)
Twitter
Facebook
LinkedIn
]]></system-out>
    <system-err><![CDATA[SLF4J(W): No SLF4J providers were found.
SLF4J(W): Defaulting to no-operation (NOP) logger implementation
SLF4J(W): See https://www.slf4j.org/codes.html#noProviders for further details.
ERROR StatusLogger Log4j2 could not find a logging implementation. Please add log4j-core to the classpath. Using SimpleLogger to log to the console...
]]></system-err>
  </testcase>
  <testcase name="test001" classname="TestMethods.TitileUrlTest" time="7.906">
    <system-out><![CDATA[-----------Browser Launched-------------------
Testing the Titile
]]></system-out>
  </testcase>
</testsuite>