<?xml version="1.0" encoding="UTF-8"?>
<testng-results ignored="0" total="1" passed="1" failed="0" skipped="0">
  <reporter-output>
  </reporter-output>
  <suite started-at="2025-12-01T17:38:32 IST" name="SampleSuite" finished-at="2025-12-01T17:38:51 IST" duration-ms="18247">
    <groups>
    </groups>
    <test started-at="2025-12-01T17:38:32 IST" name="SampleTest" finished-at="2025-12-01T17:38:51 IST" duration-ms="18247">
      <class name="TestMethods.TitileUrlTest">
        <test-method is-config="true" signature="launch()[pri:0, instance:TestMethods.TitileUrlTest@433defed]" started-at="2025-12-01T17:38:32 IST" name="launch" finished-at="2025-12-01T17:38:44 IST" duration-ms="11816" status="PASS">
          <reporter-output>
          </reporter-output>
        </test-method> <!-- launch -->
        <test-method signature="test001()[pri:0, instance:TestMethods.TitileUrlTest@433defed]" started-at="2025-12-01T17:38:44 IST" name="test001" finished-at="2025-12-01T17:38:51 IST" duration-ms="6391" status="PASS">
          <reporter-output>
          </reporter-output>
        </test-method> <!-- test001 -->
      </class> <!-- TestMethods.TitileUrlTest -->
    </test> <!-- SampleTest -->
  </suite> <!-- SampleSuite -->
</testng-results>
