<?xml version="1.0" encoding="UTF-8"?>
<testng-results ignored="0" total="2" passed="2" failed="0" skipped="0">
  <reporter-output>
  </reporter-output>
  <suite started-at="2025-12-04T14:42:44 IST" name="SampleSuite" finished-at="2025-12-04T14:43:23 IST" duration-ms="38730">
    <groups>
    </groups>
    <test started-at="2025-12-04T14:42:44 IST" name="SampleTest" finished-at="2025-12-04T14:43:23 IST" duration-ms="38730">
      <class name="TestMethods.ExtractUrlTest">
        <test-method is-config="true" signature="launch()[pri:0, instance:TestMethods.ExtractUrlTest@71075444]" started-at="2025-12-04T14:43:06 IST" name="launch" finished-at="2025-12-04T14:43:16 IST" duration-ms="10437" status="PASS">
          <reporter-output>
          </reporter-output>
        </test-method> <!-- launch -->
        <test-method signature="test002()[pri:0, instance:TestMethods.ExtractUrlTest@71075444]" started-at="2025-12-04T14:43:16 IST" name="test002" finished-at="2025-12-04T14:43:19 IST" duration-ms="2694" status="PASS">
          <reporter-output>
          </reporter-output>
        </test-method> <!-- test002 -->
        <test-method is-config="true" signature="close()[pri:0, instance:TestMethods.ExtractUrlTest@71075444]" started-at="2025-12-04T14:43:19 IST" name="close" finished-at="2025-12-04T14:43:23 IST" duration-ms="4479" status="PASS">
          <reporter-output>
          </reporter-output>
        </test-method> <!-- close -->
      </class> <!-- TestMethods.ExtractUrlTest -->
      <class name="TestMethods.TitileUrlTest">
        <test-method is-config="true" signature="launch()[pri:0, instance:TestMethods.TitileUrlTest@66982506]" started-at="2025-12-04T14:42:45 IST" name="launch" finished-at="2025-12-04T14:42:55 IST" duration-ms="10484" status="PASS">
          <reporter-output>
          </reporter-output>
        </test-method> <!-- launch -->
        <test-method signature="test001()[pri:0, instance:TestMethods.TitileUrlTest@66982506]" started-at="2025-12-04T14:42:55 IST" name="test001" finished-at="2025-12-04T14:43:01 IST" duration-ms="5966" status="PASS">
          <reporter-output>
          </reporter-output>
        </test-method> <!-- test001 -->
        <test-method is-config="true" signature="close()[pri:0, instance:TestMethods.TitileUrlTest@66982506]" started-at="2025-12-04T14:43:01 IST" name="close" finished-at="2025-12-04T14:43:06 IST" duration-ms="4423" status="PASS">
          <reporter-output>
          </reporter-output>
        </test-method> <!-- close -->
      </class> <!-- TestMethods.TitileUrlTest -->
    </test> <!-- SampleTest -->
  </suite> <!-- SampleSuite -->
</testng-results>
